{
"/Users/macbookpro/Documents/GreaterSum/Code Challenge/algorithms/TypeScriptSeed/src/dateRange.js":{"path":"/Users/macbookpro/Documents/GreaterSum/Code Challenge/algorithms/TypeScriptSeed/src/dateRange.js","s":{"1":1,"2":1,"3":8,"4":8,"5":8,"6":1,"7":8,"8":8,"9":8,"10":8,"11":8,"12":1,"13":8,"14":8,"15":8,"16":3,"17":8,"18":1,"19":8,"20":1,"21":8,"22":8,"23":8,"24":8,"25":5,"26":8,"27":2,"28":2,"29":6,"30":1,"31":8,"32":1,"33":1},"b":{"1":[3,5],"2":[5,3],"3":[2,6]},"f":{"1":1,"2":8,"3":8,"4":8,"5":8,"6":8,"7":8},"fnMap":{"1":{"name":"(anonymous_1)","line":2,"loc":{"start":{"line":2,"column":20},"end":{"line":2,"column":32}}},"2":{"name":"FriendlyDate","line":3,"loc":{"start":{"line":3,"column":4},"end":{"line":3,"column":36}}},"3":{"name":"(anonymous_3)","line":18,"loc":{"start":{"line":18,"column":43},"end":{"line":18,"column":55}}},"4":{"name":"(anonymous_4)","line":25,"loc":{"start":{"line":25,"column":42},"end":{"line":25,"column":68}}},"5":{"name":"(anonymous_5)","line":33,"loc":{"start":{"line":33,"column":44},"end":{"line":33,"column":70}}},"6":{"name":"(anonymous_6)","line":36,"loc":{"start":{"line":36,"column":40},"end":{"line":36,"column":80}}},"7":{"name":"(anonymous_7)","line":49,"loc":{"start":{"line":49,"column":45},"end":{"line":49,"column":85}}}},"statementMap":{"1":{"start":{"line":2,"column":0},"end":{"line":56,"column":5}},"2":{"start":{"line":3,"column":4},"end":{"line":16,"column":5}},"3":{"start":{"line":4,"column":8},"end":{"line":9,"column":10}},"4":{"start":{"line":10,"column":8},"end":{"line":14,"column":10}},"5":{"start":{"line":15,"column":8},"end":{"line":15,"column":34}},"6":{"start":{"line":18,"column":4},"end":{"line":24,"column":6}},"7":{"start":{"line":19,"column":8},"end":{"line":19,"column":58}},"8":{"start":{"line":20,"column":8},"end":{"line":20,"column":56}},"9":{"start":{"line":21,"column":8},"end":{"line":21,"column":58}},"10":{"start":{"line":22,"column":8},"end":{"line":22,"column":68}},"11":{"start":{"line":23,"column":8},"end":{"line":23,"column":36}},"12":{"start":{"line":25,"column":4},"end":{"line":32,"column":6}},"13":{"start":{"line":26,"column":8},"end":{"line":26,"column":27}},"14":{"start":{"line":27,"column":8},"end":{"line":27,"column":111}},"15":{"start":{"line":28,"column":8},"end":{"line":30,"column":9}},"16":{"start":{"line":29,"column":12},"end":{"line":29,"column":49}},"17":{"start":{"line":31,"column":8},"end":{"line":31,"column":44}},"18":{"start":{"line":33,"column":4},"end":{"line":35,"column":6}},"19":{"start":{"line":34,"column":8},"end":{"line":34,"column":44}},"20":{"start":{"line":36,"column":4},"end":{"line":48,"column":6}},"21":{"start":{"line":37,"column":8},"end":{"line":37,"column":25}},"22":{"start":{"line":38,"column":8},"end":{"line":38,"column":26}},"23":{"start":{"line":39,"column":8},"end":{"line":39,"column":54}},"24":{"start":{"line":40,"column":8},"end":{"line":42,"column":9}},"25":{"start":{"line":41,"column":12},"end":{"line":41,"column":64}},"26":{"start":{"line":43,"column":8},"end":{"line":46,"column":9}},"27":{"start":{"line":44,"column":12},"end":{"line":44,"column":45}},"28":{"start":{"line":45,"column":12},"end":{"line":45,"column":47}},"29":{"start":{"line":47,"column":8},"end":{"line":47,"column":33}},"30":{"start":{"line":49,"column":4},"end":{"line":54,"column":6}},"31":{"start":{"line":53,"column":8},"end":{"line":53,"column":53}},"32":{"start":{"line":55,"column":4},"end":{"line":55,"column":24}},"33":{"start":{"line":57,"column":0},"end":{"line":57,"column":36}}},"branchMap":{"1":{"line":28,"type":"if","locations":[{"start":{"line":28,"column":8},"end":{"line":28,"column":8}},{"start":{"line":28,"column":8},"end":{"line":28,"column":8}}]},"2":{"line":40,"type":"if","locations":[{"start":{"line":40,"column":8},"end":{"line":40,"column":8}},{"start":{"line":40,"column":8},"end":{"line":40,"column":8}}]},"3":{"line":43,"type":"if","locations":[{"start":{"line":43,"column":8},"end":{"line":43,"column":8}},{"start":{"line":43,"column":8},"end":{"line":43,"column":8}}]}},"l":{"2":1,"3":1,"4":8,"10":8,"15":8,"18":1,"19":8,"20":8,"21":8,"22":8,"23":8,"25":1,"26":8,"27":8,"28":8,"29":3,"31":8,"33":1,"34":8,"36":1,"37":8,"38":8,"39":8,"40":8,"41":5,"43":8,"44":2,"45":2,"47":6,"49":1,"53":8,"55":1,"57":1}}}
